SHA256:0000000000188017decb1f56449c982623375a0ba5d7ec5800b64688018d75e7:taxborn/www+taxborn+com+sha/o2uEXmLW4fws/52405486260
SHA256:00000000004a8366d8076b3f45964f33bed8db3a3d4e14041686e485abd2c760:taxborn/www+taxborn+com+sha/bpe7PaKzhrMM/8966486340
SHA256:00000000004c83c97b40c1a7155f6b35fec9cc5e54b7d339f4a1eddefea05684:taxborn/www+taxborn+com+sha/XGy5Qqxp6Ub3/2633208714
SHA256:0000000432a93e1bcb11f775211dbf5f7d0a2f0f81cb6c60022ec6766216d304:taxborn/www+taxborn+com+sha/awyC3XM84NKg/705675008
SHA256:000000205ac500b812394f339c7b960a1c8b361b9f973836e60304e80f1aacb9:taxborn/www+taxborn+com+sha/4LpwEdVshFXt/99631339
SHA256:0000001da5955006fa9886802d3ad69380018e1cfb2960458f0e5a61d55d2111:taxborn/www+taxborn+com+sha/LGUjCA49TvZL/60683627
SHA256:0000000fa33c230cedc05350947bb5e73de06ab900c10f7e604215e181b623e4:taxborn/www+taxborn+com+sha/W5Wq5BLLW4LS/62959230
SHA256:000000046d66e2dfc3bdff46c765516ba6b9d2029b4a045352271a94b6e0f2ae:taxborn/www+taxborn+com+sha/GXKWfGgV1ABL/259172136
SHA256:0000001a524d4611fb95bc24133bcf1d0809c08b5d0ad3d1ea6d62f02f4cefc9:taxborn/www+taxborn+com+sha/ctaIz2PiqU7I/36583318
SHA256:00000016f1a563f4a8aea515cb0fd41c9ffe18a8f21c5be0d938a9821a04dc9d:taxborn/www+taxborn+com+sha/c9mzlmfPYflK/13495969
SHA256:000000071dada3a1080d62810dd2abf842b4c7fa21b6f66d8c46e3b3912c014c:taxborn/www+taxborn+com+sha/IKpUDYggsEiR/40476719
SHA256:0000003d27caea77b528da7c1f0151682b9d7ca91cc1ecaf60cb0993870fe778:taxborn/www+taxborn+com+sha/0X42zxKAT1jA/39020308
SHA256:000000092221b70f3f8aa5175ed2695f45456fe8d84c85ab0305a5fd5f44658c:taxborn/www+taxborn+com+sha/MZEsbm4F7tPr/18131755
SHA256:00000000df677af6b86b9dfc9d56269c58a2a3702adbe10e0ecbeea570c22b47:taxborn/www+taxborn+com+sha/fsD5dwb2b1Ed/75861127
SHA256:0000002f69825c8fcf91b29537c368876d76fd095dfe3f31cfacd74bfa01d54b:taxborn/www+taxborn+com+sha/QpfIx6fxdAak/59254027
SHA256:00000014673169380bcf6606e06bf7e60c50b1fef2c531edb8eb3d8ea745c4b0:taxborn/www+taxborn+com+sha/5nD2HFTNzDsT/78004393
SHA256:0000002a1eb4efc7d7ea362d4ce70874fe1129c2ba00c39b4895978c673d711b:taxborn/www+taxborn+com+sha/gAi4GNqXbNou/9975278
SHA256:00000045d004befb34f3ef2c09c5f255b82520d9991d32be73b07c1f16c32e37:taxborn/www+taxborn+com+sha/7xRSlL1Fd06w/46367117
SHA256:00000073b8d0e4ed96bf1ffda8a862af23b864d8affedd628abb02d4eb772598:taxborn/www+taxborn+com+sha/K1jDhmHLqgBX/90861428
SHA256:000000086a982aad356259cc784294545bd6d6f8d6a697e93115694f68d80c2a:taxborn/www+taxborn+com+sha/s6fG2DDHh08R/3019649
SHA256:0000000055c7cf00260a195c0d4955e31d61a771b8fa55d32cc99ee93e47bb4f:taxborn/www+taxborn+com+sha/oJXCIXyg9ZpF/22229130
SHA256:000000027d349114a0a8b8b2d2c8da34b416297d3b9657e37d9ef9b373482b19:taxborn/www+taxborn+com+sha/VHmJat1ypE2r/85991746
SHA256:0000000cba28f3ac1584c8387f1094fb7afd73c23990e44d1aae57492a0f2588:taxborn/www+taxborn+com+sha/0VUfhhOVuXjF/4346523
SHA256:000000034c015cccbc78d848d7f0b3a80739d40aa147a24e4d2d3c2603dcf1e0:taxborn/www+taxborn+com+sha/rfOPWIfBRh7n/115770248
SHA256:00000001cb8c5a47de69f2bdb55f47b22e19f34b75030b4080cc64f5a5baeec5:taxborn/www+taxborn+com+sha/gi30xZ0DBb7Y/439227599
SHA256:00000002a9b45178611f57481f3e3d167f9745893326774ba18907e57986d32e:taxborn/www+taxborn+com+sha/9OCVxMRdfUQW/268544694
SHA256:0000003635c744fa55c28a75a7ec2b0940de4195d11e39d91384d233539ed8cb:taxborn/www+taxborn+com+sha/rz9CTUill1oP/89683640
SHA256:000000154d611dd8900ad906df78b7c3254960ad5afdf89150a3d44a795b48c9:taxborn/www+taxborn+com+sha/uVniqUgOqGYn/49834698
SHA256:00000041eb1b0d7fc2d772b052638eec73da538cf4d8d18f380cea98cd9e5902:taxborn/www+taxborn+com+sha/RAi7S12Nn2DA/48058805
SHA256:00000017e87ba94e575e46ed36f1bf4be13c7c5c4a4200f8df39edf98e0c568c:taxborn/www+taxborn+com+sha/uxeKG2F0YwmM/80609881
SHA256:00000012eb9bb5b832de7abf3fbe8c1970086b05e5e2409ad5429c0978d92a4e:taxborn/www+taxborn+com+sha/PXA4EDHII50e/25823995
SHA256:0000001bff368cd656456461ccd30e6e4a986126152a8ab4582b25359643f284:taxborn/www+taxborn+com+sha/dAwM4J52IWfy/36625587
SHA256:0000000272a4a9bb61d95c6386e23abd6401de9738a94ba5b067dc75ba4f8564:taxborn/www+taxborn+com+sha/2sCRe9Hr5ZSa/28333511
SHA256:0000000f3f4bf13c4eec857a11baebb315351d814f3501682cde3625a2f5a9cb:taxborn/www+taxborn+com+sha/4BCEd8NOumOQ/92033563
SHA256:0000000414bbb46de5582c98d636d8675bcef22fdf56df450dd620e926a003fa:taxborn/www+taxborn+com+sha/748mEMtAZaLS/405008012
